<?xml version="1.0" encoding="UTF-8"?>
<testng-results ignored="0" total="1" passed="1" failed="0" skipped="0">
  <reporter-output>
  </reporter-output>
  <suite started-at="2023-10-31T08:27:05 HOVT" name="Default suite" finished-at="2023-10-31T08:27:05 HOVT" duration-ms="69">
    <groups>
    </groups>
    <test started-at="2023-10-31T08:27:05 HOVT" name="Default test" finished-at="2023-10-31T08:27:05 HOVT" duration-ms="69">
      <class name="testAnt.Guru99AntClass">
        <test-method signature="Guru99AntTestNGMethod()[pri:0, instance:testAnt.Guru99AntClass@18df8434]" started-at="2023-10-31T08:27:05 HOVT" name="Guru99AntTestNGMethod" finished-at="2023-10-31T08:27:05 HOVT" duration-ms="37" status="PASS">
          <reporter-output>
          </reporter-output>
        </test-method> <!-- Guru99AntTestNGMethod -->
      </class> <!-- testAnt.Guru99AntClass -->
    </test> <!-- Default test -->
  </suite> <!-- Default suite -->
</testng-results>
